{"/Users/mille424/rpt15-FEC/Ryan-comments/client/src/components/BigUserTooltip.jsx": {"path":"/Users/mille424/rpt15-FEC/Ryan-comments/client/src/components/BigUserTooltip.jsx","statementMap":{"0":{"start":{"line":7,"column":4},"end":{"line":7,"column":16}},"1":{"start":{"line":9,"column":4},"end":{"line":12,"column":5}},"2":{"start":{"line":14,"column":4},"end":{"line":14,"column":56}},"3":{"start":{"line":15,"column":4},"end":{"line":15,"column":56}},"4":{"start":{"line":17,"column":4},"end":{"line":17,"column":62}},"5":{"start":{"line":18,"column":4},"end":{"line":18,"column":62}},"6":{"start":{"line":20,"column":4},"end":{"line":20,"column":99}},"7":{"start":{"line":21,"column":4},"end":{"line":21,"column":157}},"8":{"start":{"line":25,"column":4},"end":{"line":27,"column":6}},"9":{"start":{"line":31,"column":4},"end":{"line":33,"column":6}},"10":{"start":{"line":37,"column":4},"end":{"line":39,"column":6}},"11":{"start":{"line":43,"column":4},"end":{"line":45,"column":6}},"12":{"start":{"line":49,"column":18},"end":{"line":52,"column":5}},"13":{"start":{"line":53,"column":4},"end":{"line":71,"column":5}}},"fnMap":{"0":{"name":"(anonymous_0)","decl":{"start":{"line":6,"column":2},"end":{"line":6,"column":3}},"loc":{"start":{"line":6,"column":21},"end":{"line":22,"column":3}},"line":6},"1":{"name":"(anonymous_1)","decl":{"start":{"line":24,"column":2},"end":{"line":24,"column":3}},"loc":{"start":{"line":24,"column":19},"end":{"line":28,"column":3}},"line":24},"2":{"name":"(anonymous_2)","decl":{"start":{"line":30,"column":2},"end":{"line":30,"column":3}},"loc":{"start":{"line":30,"column":19},"end":{"line":34,"column":3}},"line":30},"3":{"name":"(anonymous_3)","decl":{"start":{"line":36,"column":2},"end":{"line":36,"column":3}},"loc":{"start":{"line":36,"column":22},"end":{"line":40,"column":3}},"line":36},"4":{"name":"(anonymous_4)","decl":{"start":{"line":42,"column":2},"end":{"line":42,"column":3}},"loc":{"start":{"line":42,"column":22},"end":{"line":46,"column":3}},"line":42},"5":{"name":"(anonymous_5)","decl":{"start":{"line":48,"column":2},"end":{"line":48,"column":3}},"loc":{"start":{"line":48,"column":11},"end":{"line":72,"column":3}},"line":48}},"branchMap":{"0":{"loc":{"start":{"line":50,"column":11},"end":{"line":50,"column":36}},"type":"binary-expr","locations":[{"start":{"line":50,"column":11},"end":{"line":50,"column":31}},{"start":{"line":50,"column":35},"end":{"line":50,"column":36}}],"line":50},"1":{"loc":{"start":{"line":51,"column":12},"end":{"line":51,"column":38}},"type":"binary-expr","locations":[{"start":{"line":51,"column":12},"end":{"line":51,"column":33}},{"start":{"line":51,"column":37},"end":{"line":51,"column":38}}],"line":51},"2":{"loc":{"start":{"line":63,"column":9},"end":{"line":64,"column":114}},"type":"binary-expr","locations":[{"start":{"line":63,"column":9},"end":{"line":63,"column":40}},{"start":{"line":64,"column":10},"end":{"line":64,"column":114}}],"line":63},"3":{"loc":{"start":{"line":67,"column":11},"end":{"line":68,"column":75}},"type":"binary-expr","locations":[{"start":{"line":67,"column":11},"end":{"line":67,"column":45}},{"start":{"line":68,"column":10},"end":{"line":68,"column":75}}],"line":67}},"s":{"0":0,"1":0,"2":0,"3":0,"4":0,"5":0,"6":0,"7":0,"8":0,"9":0,"10":0,"11":0,"12":0,"13":0},"f":{"0":0,"1":0,"2":0,"3":0,"4":0,"5":0},"b":{"0":[0,0],"1":[0,0],"2":[0,0],"3":[0,0]},"_coverageSchema":"43e27e138ebf9cfc5966b082cf9a028302ed4184","hash":"e5a6e0f0e7fe09126dbcb927f516a2050ed1bd49"}
,"/Users/mille424/rpt15-FEC/Ryan-comments/client/src/components/Comment.jsx": {"path":"/Users/mille424/rpt15-FEC/Ryan-comments/client/src/components/Comment.jsx","statementMap":{"0":{"start":{"line":12,"column":4},"end":{"line":12,"column":17}},"1":{"start":{"line":14,"column":4},"end":{"line":17,"column":5}},"2":{"start":{"line":19,"column":4},"end":{"line":19,"column":50}},"3":{"start":{"line":20,"column":4},"end":{"line":20,"column":58}},"4":{"start":{"line":21,"column":4},"end":{"line":21,"column":58}},"5":{"start":{"line":26,"column":6},"end":{"line":28,"column":8}},"6":{"start":{"line":31,"column":4},"end":{"line":33,"column":6}},"7":{"start":{"line":37,"column":4},"end":{"line":39,"column":6}},"8":{"start":{"line":43,"column":4},"end":{"line":74,"column":5}}},"fnMap":{"0":{"name":"(anonymous_0)","decl":{"start":{"line":11,"column":2},"end":{"line":11,"column":3}},"loc":{"start":{"line":11,"column":21},"end":{"line":23,"column":3}},"line":11},"1":{"name":"(anonymous_1)","decl":{"start":{"line":25,"column":2},"end":{"line":25,"column":3}},"loc":{"start":{"line":25,"column":17},"end":{"line":29,"column":3}},"line":25},"2":{"name":"(anonymous_2)","decl":{"start":{"line":30,"column":2},"end":{"line":30,"column":3}},"loc":{"start":{"line":30,"column":21},"end":{"line":34,"column":3}},"line":30},"3":{"name":"(anonymous_3)","decl":{"start":{"line":36,"column":2},"end":{"line":36,"column":3}},"loc":{"start":{"line":36,"column":20},"end":{"line":40,"column":3}},"line":36},"4":{"name":"(anonymous_4)","decl":{"start":{"line":42,"column":2},"end":{"line":42,"column":3}},"loc":{"start":{"line":42,"column":11},"end":{"line":75,"column":3}},"line":42}},"branchMap":{"0":{"loc":{"start":{"line":69,"column":7},"end":{"line":70,"column":52}},"type":"binary-expr","locations":[{"start":{"line":69,"column":7},"end":{"line":69,"column":27}},{"start":{"line":70,"column":8},"end":{"line":70,"column":52}}],"line":69}},"s":{"0":4,"1":4,"2":4,"3":4,"4":4,"5":0,"6":0,"7":0,"8":5},"f":{"0":4,"1":0,"2":0,"3":0,"4":5},"b":{"0":[5,1]},"_coverageSchema":"43e27e138ebf9cfc5966b082cf9a028302ed4184","hash":"6eed24649ebb69c649c240d73bde8f3a6623648a"}
,"/Users/mille424/rpt15-FEC/Ryan-comments/client/src/components/CommentAvatar.jsx": {"path":"/Users/mille424/rpt15-FEC/Ryan-comments/client/src/components/CommentAvatar.jsx","statementMap":{"0":{"start":{"line":7,"column":4},"end":{"line":7,"column":16}},"1":{"start":{"line":8,"column":4},"end":{"line":10,"column":5}},"2":{"start":{"line":11,"column":4},"end":{"line":11,"column":60}},"3":{"start":{"line":12,"column":4},"end":{"line":12,"column":60}},"4":{"start":{"line":15,"column":4},"end":{"line":15,"column":157}},"5":{"start":{"line":19,"column":4},"end":{"line":21,"column":6}},"6":{"start":{"line":25,"column":4},"end":{"line":27,"column":6}},"7":{"start":{"line":31,"column":4},"end":{"line":40,"column":13}}},"fnMap":{"0":{"name":"(anonymous_0)","decl":{"start":{"line":6,"column":2},"end":{"line":6,"column":3}},"loc":{"start":{"line":6,"column":21},"end":{"line":16,"column":3}},"line":6},"1":{"name":"(anonymous_1)","decl":{"start":{"line":18,"column":2},"end":{"line":18,"column":3}},"loc":{"start":{"line":18,"column":21},"end":{"line":22,"column":3}},"line":18},"2":{"name":"(anonymous_2)","decl":{"start":{"line":24,"column":2},"end":{"line":24,"column":3}},"loc":{"start":{"line":24,"column":21},"end":{"line":28,"column":3}},"line":24},"3":{"name":"(anonymous_3)","decl":{"start":{"line":30,"column":2},"end":{"line":30,"column":3}},"loc":{"start":{"line":30,"column":11},"end":{"line":41,"column":3}},"line":30}},"branchMap":{"0":{"loc":{"start":{"line":34,"column":9},"end":{"line":38,"column":76}},"type":"binary-expr","locations":[{"start":{"line":34,"column":9},"end":{"line":34,"column":38}},{"start":{"line":35,"column":8},"end":{"line":38,"column":76}}],"line":34}},"s":{"0":4,"1":4,"2":4,"3":4,"4":4,"5":1,"6":1,"7":9},"f":{"0":4,"1":1,"2":1,"3":9},"b":{"0":[9,2]},"_coverageSchema":"43e27e138ebf9cfc5966b082cf9a028302ed4184","hash":"b15195ecaeb5f40ed993560a337468ba4db4ca6a"}
,"/Users/mille424/rpt15-FEC/Ryan-comments/client/src/components/CommentContent.jsx": {"path":"/Users/mille424/rpt15-FEC/Ryan-comments/client/src/components/CommentContent.jsx","statementMap":{"0":{"start":{"line":10,"column":4},"end":{"line":10,"column":16}},"1":{"start":{"line":12,"column":4},"end":{"line":16,"column":5}},"2":{"start":{"line":18,"column":4},"end":{"line":18,"column":66}},"3":{"start":{"line":19,"column":4},"end":{"line":19,"column":66}},"4":{"start":{"line":20,"column":4},"end":{"line":20,"column":56}},"5":{"start":{"line":21,"column":4},"end":{"line":21,"column":56}},"6":{"start":{"line":25,"column":4},"end":{"line":27,"column":6}},"7":{"start":{"line":31,"column":4},"end":{"line":33,"column":6}},"8":{"start":{"line":37,"column":4},"end":{"line":40,"column":6}},"9":{"start":{"line":44,"column":4},"end":{"line":47,"column":6}},"10":{"start":{"line":51,"column":4},"end":{"line":85,"column":9}}},"fnMap":{"0":{"name":"(anonymous_0)","decl":{"start":{"line":9,"column":2},"end":{"line":9,"column":3}},"loc":{"start":{"line":9,"column":21},"end":{"line":22,"column":3}},"line":9},"1":{"name":"(anonymous_1)","decl":{"start":{"line":24,"column":2},"end":{"line":24,"column":3}},"loc":{"start":{"line":24,"column":24},"end":{"line":28,"column":3}},"line":24},"2":{"name":"(anonymous_2)","decl":{"start":{"line":30,"column":2},"end":{"line":30,"column":3}},"loc":{"start":{"line":30,"column":24},"end":{"line":34,"column":3}},"line":30},"3":{"name":"(anonymous_3)","decl":{"start":{"line":36,"column":2},"end":{"line":36,"column":3}},"loc":{"start":{"line":36,"column":19},"end":{"line":41,"column":3}},"line":36},"4":{"name":"(anonymous_4)","decl":{"start":{"line":43,"column":2},"end":{"line":43,"column":3}},"loc":{"start":{"line":43,"column":19},"end":{"line":48,"column":3}},"line":43},"5":{"name":"(anonymous_5)","decl":{"start":{"line":50,"column":2},"end":{"line":50,"column":3}},"loc":{"start":{"line":50,"column":11},"end":{"line":86,"column":3}},"line":50}},"branchMap":{"0":{"loc":{"start":{"line":66,"column":11},"end":{"line":72,"column":63}},"type":"binary-expr","locations":[{"start":{"line":66,"column":11},"end":{"line":66,"column":40}},{"start":{"line":67,"column":10},"end":{"line":72,"column":63}}],"line":66},"1":{"loc":{"start":{"line":74,"column":9},"end":{"line":76,"column":54}},"type":"binary-expr","locations":[{"start":{"line":74,"column":9},"end":{"line":74,"column":35}},{"start":{"line":75,"column":8},"end":{"line":76,"column":54}}],"line":74},"2":{"loc":{"start":{"line":78,"column":9},"end":{"line":80,"column":53}},"type":"binary-expr","locations":[{"start":{"line":78,"column":9},"end":{"line":78,"column":41}},{"start":{"line":79,"column":8},"end":{"line":80,"column":53}}],"line":78}},"s":{"0":4,"1":4,"2":4,"3":4,"4":4,"5":4,"6":1,"7":1,"8":1,"9":1,"10":12},"f":{"0":4,"1":1,"2":1,"3":1,"4":1,"5":12},"b":{"0":[12,2],"1":[12,2],"2":[12,2]},"_coverageSchema":"43e27e138ebf9cfc5966b082cf9a028302ed4184","hash":"22cb56a9865bd3232dacffdeda45bf0f4d5a50c7"}
,"/Users/mille424/rpt15-FEC/Ryan-comments/client/src/components/CommentMeta.jsx": {"path":"/Users/mille424/rpt15-FEC/Ryan-comments/client/src/components/CommentMeta.jsx","statementMap":{"0":{"start":{"line":9,"column":4},"end":{"line":9,"column":16}},"1":{"start":{"line":11,"column":6},"end":{"line":14,"column":7}},"2":{"start":{"line":16,"column":6},"end":{"line":16,"column":58}},"3":{"start":{"line":17,"column":6},"end":{"line":17,"column":58}},"4":{"start":{"line":19,"column":6},"end":{"line":19,"column":60}},"5":{"start":{"line":20,"column":6},"end":{"line":20,"column":60}},"6":{"start":{"line":25,"column":4},"end":{"line":27,"column":6}},"7":{"start":{"line":31,"column":4},"end":{"line":33,"column":6}},"8":{"start":{"line":37,"column":4},"end":{"line":39,"column":6}},"9":{"start":{"line":43,"column":4},"end":{"line":45,"column":6}},"10":{"start":{"line":50,"column":17},"end":{"line":50,"column":139}},"11":{"start":{"line":51,"column":17},"end":{"line":51,"column":19}},"12":{"start":{"line":52,"column":22},"end":{"line":52,"column":36}},"13":{"start":{"line":53,"column":4},"end":{"line":53,"column":41}},"14":{"start":{"line":54,"column":4},"end":{"line":54,"column":50}},"15":{"start":{"line":55,"column":4},"end":{"line":55,"column":39}},"16":{"start":{"line":56,"column":4},"end":{"line":56,"column":18}},"17":{"start":{"line":60,"column":4},"end":{"line":84,"column":5}}},"fnMap":{"0":{"name":"(anonymous_0)","decl":{"start":{"line":8,"column":2},"end":{"line":8,"column":3}},"loc":{"start":{"line":8,"column":21},"end":{"line":22,"column":5}},"line":8},"1":{"name":"(anonymous_1)","decl":{"start":{"line":24,"column":2},"end":{"line":24,"column":3}},"loc":{"start":{"line":24,"column":19},"end":{"line":28,"column":3}},"line":24},"2":{"name":"(anonymous_2)","decl":{"start":{"line":30,"column":2},"end":{"line":30,"column":3}},"loc":{"start":{"line":30,"column":19},"end":{"line":34,"column":3}},"line":30},"3":{"name":"(anonymous_3)","decl":{"start":{"line":36,"column":2},"end":{"line":36,"column":3}},"loc":{"start":{"line":36,"column":20},"end":{"line":40,"column":3}},"line":36},"4":{"name":"(anonymous_4)","decl":{"start":{"line":42,"column":2},"end":{"line":42,"column":3}},"loc":{"start":{"line":42,"column":20},"end":{"line":46,"column":3}},"line":42},"5":{"name":"(anonymous_5)","decl":{"start":{"line":49,"column":2},"end":{"line":49,"column":3}},"loc":{"start":{"line":49,"column":19},"end":{"line":57,"column":3}},"line":49},"6":{"name":"(anonymous_6)","decl":{"start":{"line":59,"column":2},"end":{"line":59,"column":3}},"loc":{"start":{"line":59,"column":11},"end":{"line":85,"column":3}},"line":59}},"branchMap":{"0":{"loc":{"start":{"line":67,"column":9},"end":{"line":69,"column":55}},"type":"binary-expr","locations":[{"start":{"line":67,"column":9},"end":{"line":67,"column":35}},{"start":{"line":68,"column":10},"end":{"line":69,"column":55}}],"line":67},"1":{"loc":{"start":{"line":71,"column":9},"end":{"line":81,"column":14}},"type":"binary-expr","locations":[{"start":{"line":71,"column":9},"end":{"line":71,"column":34}},{"start":{"line":72,"column":8},"end":{"line":81,"column":14}}],"line":71},"2":{"loc":{"start":{"line":79,"column":11},"end":{"line":80,"column":75}},"type":"binary-expr","locations":[{"start":{"line":79,"column":11},"end":{"line":79,"column":38}},{"start":{"line":80,"column":12},"end":{"line":80,"column":75}}],"line":79}},"s":{"0":2,"1":2,"2":2,"3":2,"4":2,"5":2,"6":0,"7":0,"8":0,"9":0,"10":0,"11":0,"12":0,"13":0,"14":0,"15":0,"16":0,"17":2},"f":{"0":2,"1":0,"2":0,"3":0,"4":0,"5":0,"6":2},"b":{"0":[2,0],"1":[2,0],"2":[0,0]},"_coverageSchema":"43e27e138ebf9cfc5966b082cf9a028302ed4184","hash":"c85f08046303e8638d81f636af25ce2b1232c69d"}
,"/Users/mille424/rpt15-FEC/Ryan-comments/client/src/components/Reply.jsx": {"path":"/Users/mille424/rpt15-FEC/Ryan-comments/client/src/components/Reply.jsx","statementMap":{"0":{"start":{"line":6,"column":4},"end":{"line":6,"column":17}},"1":{"start":{"line":8,"column":4},"end":{"line":10,"column":5}},"2":{"start":{"line":12,"column":4},"end":{"line":12,"column":125}},"3":{"start":{"line":18,"column":4},"end":{"line":34,"column":5}}},"fnMap":{"0":{"name":"(anonymous_0)","decl":{"start":{"line":5,"column":2},"end":{"line":5,"column":3}},"loc":{"start":{"line":5,"column":21},"end":{"line":13,"column":3}},"line":5},"1":{"name":"(anonymous_1)","decl":{"start":{"line":17,"column":2},"end":{"line":17,"column":3}},"loc":{"start":{"line":17,"column":11},"end":{"line":35,"column":3}},"line":17}},"branchMap":{},"s":{"0":0,"1":0,"2":0,"3":0},"f":{"0":0,"1":0},"b":{},"_coverageSchema":"43e27e138ebf9cfc5966b082cf9a028302ed4184","hash":"53344d1aa4c80d7c2e411920a1073bd49a4436cd"}
,"/Users/mille424/rpt15-FEC/Ryan-comments/client/src/components/SimpleTooltip.jsx": {"path":"/Users/mille424/rpt15-FEC/Ryan-comments/client/src/components/SimpleTooltip.jsx","statementMap":{"0":{"start":{"line":6,"column":4},"end":{"line":6,"column":16}},"1":{"start":{"line":10,"column":16},"end":{"line":13,"column":5}},"2":{"start":{"line":14,"column":4},"end":{"line":16,"column":11}}},"fnMap":{"0":{"name":"(anonymous_0)","decl":{"start":{"line":5,"column":2},"end":{"line":5,"column":3}},"loc":{"start":{"line":5,"column":21},"end":{"line":7,"column":3}},"line":5},"1":{"name":"(anonymous_1)","decl":{"start":{"line":9,"column":2},"end":{"line":9,"column":3}},"loc":{"start":{"line":9,"column":11},"end":{"line":17,"column":3}},"line":9}},"branchMap":{"0":{"loc":{"start":{"line":11,"column":11},"end":{"line":11,"column":36}},"type":"binary-expr","locations":[{"start":{"line":11,"column":11},"end":{"line":11,"column":31}},{"start":{"line":11,"column":35},"end":{"line":11,"column":36}}],"line":11},"1":{"loc":{"start":{"line":12,"column":12},"end":{"line":12,"column":38}},"type":"binary-expr","locations":[{"start":{"line":12,"column":12},"end":{"line":12,"column":33}},{"start":{"line":12,"column":37},"end":{"line":12,"column":38}}],"line":12}},"s":{"0":0,"1":0,"2":0},"f":{"0":0,"1":0},"b":{"0":[0,0],"1":[0,0]},"_coverageSchema":"43e27e138ebf9cfc5966b082cf9a028302ed4184","hash":"3188e4cf06f0bf1d6182add74a08c0f89af877ed"}
,"/Users/mille424/rpt15-FEC/Ryan-comments/database/db.js": {"path":"/Users/mille424/rpt15-FEC/Ryan-comments/database/db.js","statementMap":{"0":{"start":{"line":1,"column":17},"end":{"line":1,"column":36}},"1":{"start":{"line":2,"column":17},"end":{"line":2,"column":49}},"2":{"start":{"line":4,"column":0},"end":{"line":4,"column":51}},"3":{"start":{"line":5,"column":11},"end":{"line":5,"column":30}},"4":{"start":{"line":6,"column":0},"end":{"line":6,"column":59}},"5":{"start":{"line":6,"column":23},"end":{"line":6,"column":58}},"6":{"start":{"line":7,"column":0},"end":{"line":7,"column":73}},"7":{"start":{"line":7,"column":24},"end":{"line":7,"column":72}},"8":{"start":{"line":9,"column":22},"end":{"line":16,"column":2}},"9":{"start":{"line":18,"column":17},"end":{"line":18,"column":58}},"10":{"start":{"line":20,"column":13},"end":{"line":22,"column":1}},"11":{"start":{"line":21,"column":2},"end":{"line":21,"column":33}},"12":{"start":{"line":24,"column":15},"end":{"line":35,"column":1}},"13":{"start":{"line":25,"column":2},"end":{"line":34,"column":4}},"14":{"start":{"line":29,"column":4},"end":{"line":33,"column":5}},"15":{"start":{"line":30,"column":6},"end":{"line":30,"column":83}},"16":{"start":{"line":32,"column":6},"end":{"line":32,"column":21}},"17":{"start":{"line":37,"column":0},"end":{"line":37,"column":22}},"18":{"start":{"line":38,"column":0},"end":{"line":38,"column":34}},"19":{"start":{"line":39,"column":0},"end":{"line":39,"column":26}},"20":{"start":{"line":40,"column":0},"end":{"line":40,"column":30}}},"fnMap":{"0":{"name":"(anonymous_0)","decl":{"start":{"line":6,"column":17},"end":{"line":6,"column":18}},"loc":{"start":{"line":6,"column":23},"end":{"line":6,"column":58}},"line":6},"1":{"name":"(anonymous_1)","decl":{"start":{"line":7,"column":15},"end":{"line":7,"column":16}},"loc":{"start":{"line":7,"column":24},"end":{"line":7,"column":72}},"line":7},"2":{"name":"(anonymous_2)","decl":{"start":{"line":20,"column":13},"end":{"line":20,"column":14}},"loc":{"start":{"line":20,"column":26},"end":{"line":22,"column":1}},"line":20},"3":{"name":"(anonymous_3)","decl":{"start":{"line":24,"column":15},"end":{"line":24,"column":16}},"loc":{"start":{"line":24,"column":44},"end":{"line":35,"column":1}},"line":24},"4":{"name":"(anonymous_4)","decl":{"start":{"line":28,"column":5},"end":{"line":28,"column":6}},"loc":{"start":{"line":28,"column":20},"end":{"line":34,"column":3}},"line":28}},"branchMap":{"0":{"loc":{"start":{"line":29,"column":4},"end":{"line":33,"column":5}},"type":"if","locations":[{"start":{"line":29,"column":4},"end":{"line":33,"column":5}},{"start":{"line":29,"column":4},"end":{"line":33,"column":5}}],"line":29}},"s":{"0":2,"1":2,"2":2,"3":2,"4":2,"5":0,"6":2,"7":0,"8":2,"9":2,"10":2,"11":0,"12":2,"13":3,"14":3,"15":0,"16":3,"17":2,"18":2,"19":2,"20":2},"f":{"0":0,"1":0,"2":0,"3":3,"4":3},"b":{"0":[0,3]},"_coverageSchema":"43e27e138ebf9cfc5966b082cf9a028302ed4184","hash":"87ee782a5c997c3b2243809bc5e2213e0faad891"}
}
