TN:
SF:/Users/mille424/rpt15-FEC/Ryan-comments/client/src/components/BigUserTooltip.jsx
FN:6,(anonymous_0)
FN:24,(anonymous_1)
FN:30,(anonymous_2)
FN:36,(anonymous_3)
FN:42,(anonymous_4)
FN:48,(anonymous_5)
FNF:6
FNH:0
FNDA:0,(anonymous_0)
FNDA:0,(anonymous_1)
FNDA:0,(anonymous_2)
FNDA:0,(anonymous_3)
FNDA:0,(anonymous_4)
FNDA:0,(anonymous_5)
DA:7,0
DA:9,0
DA:14,0
DA:15,0
DA:17,0
DA:18,0
DA:20,0
DA:21,0
DA:25,0
DA:31,0
DA:37,0
DA:43,0
DA:49,0
DA:53,0
LF:14
LH:0
BRDA:50,0,0,0
BRDA:50,0,1,0
BRDA:51,1,0,0
BRDA:51,1,1,0
BRDA:63,2,0,0
BRDA:63,2,1,0
BRDA:67,3,0,0
BRDA:67,3,1,0
BRF:8
BRH:0
end_of_record
TN:
SF:/Users/mille424/rpt15-FEC/Ryan-comments/client/src/components/Comment.jsx
FN:11,(anonymous_0)
FN:25,(anonymous_1)
FN:30,(anonymous_2)
FN:36,(anonymous_3)
FN:42,(anonymous_4)
FNF:5
FNH:2
FNDA:4,(anonymous_0)
FNDA:0,(anonymous_1)
FNDA:0,(anonymous_2)
FNDA:0,(anonymous_3)
FNDA:5,(anonymous_4)
DA:12,4
DA:14,4
DA:19,4
DA:20,4
DA:21,4
DA:26,0
DA:31,0
DA:37,0
DA:43,5
LF:9
LH:6
BRDA:69,0,0,5
BRDA:69,0,1,1
BRF:2
BRH:2
end_of_record
TN:
SF:/Users/mille424/rpt15-FEC/Ryan-comments/client/src/components/CommentAvatar.jsx
FN:6,(anonymous_0)
FN:18,(anonymous_1)
FN:24,(anonymous_2)
FN:30,(anonymous_3)
FNF:4
FNH:4
FNDA:4,(anonymous_0)
FNDA:1,(anonymous_1)
FNDA:1,(anonymous_2)
FNDA:9,(anonymous_3)
DA:7,4
DA:8,4
DA:11,4
DA:12,4
DA:15,4
DA:19,1
DA:25,1
DA:31,9
LF:8
LH:8
BRDA:34,0,0,9
BRDA:34,0,1,2
BRF:2
BRH:2
end_of_record
TN:
SF:/Users/mille424/rpt15-FEC/Ryan-comments/client/src/components/CommentContent.jsx
FN:9,(anonymous_0)
FN:24,(anonymous_1)
FN:30,(anonymous_2)
FN:36,(anonymous_3)
FN:43,(anonymous_4)
FN:50,(anonymous_5)
FNF:6
FNH:6
FNDA:4,(anonymous_0)
FNDA:1,(anonymous_1)
FNDA:1,(anonymous_2)
FNDA:1,(anonymous_3)
FNDA:1,(anonymous_4)
FNDA:12,(anonymous_5)
DA:10,4
DA:12,4
DA:18,4
DA:19,4
DA:20,4
DA:21,4
DA:25,1
DA:31,1
DA:37,1
DA:44,1
DA:51,12
LF:11
LH:11
BRDA:66,0,0,12
BRDA:66,0,1,2
BRDA:74,1,0,12
BRDA:74,1,1,2
BRDA:78,2,0,12
BRDA:78,2,1,2
BRF:6
BRH:6
end_of_record
TN:
SF:/Users/mille424/rpt15-FEC/Ryan-comments/client/src/components/CommentMeta.jsx
FN:8,(anonymous_0)
FN:24,(anonymous_1)
FN:30,(anonymous_2)
FN:36,(anonymous_3)
FN:42,(anonymous_4)
FN:49,(anonymous_5)
FN:59,(anonymous_6)
FNF:7
FNH:2
FNDA:2,(anonymous_0)
FNDA:0,(anonymous_1)
FNDA:0,(anonymous_2)
FNDA:0,(anonymous_3)
FNDA:0,(anonymous_4)
FNDA:0,(anonymous_5)
FNDA:2,(anonymous_6)
DA:9,2
DA:11,2
DA:16,2
DA:17,2
DA:19,2
DA:20,2
DA:25,0
DA:31,0
DA:37,0
DA:43,0
DA:50,0
DA:51,0
DA:52,0
DA:53,0
DA:54,0
DA:55,0
DA:56,0
DA:60,2
LF:18
LH:7
BRDA:67,0,0,2
BRDA:67,0,1,0
BRDA:71,1,0,2
BRDA:71,1,1,0
BRDA:79,2,0,0
BRDA:79,2,1,0
BRF:6
BRH:2
end_of_record
TN:
SF:/Users/mille424/rpt15-FEC/Ryan-comments/client/src/components/Reply.jsx
FN:5,(anonymous_0)
FN:17,(anonymous_1)
FNF:2
FNH:0
FNDA:0,(anonymous_0)
FNDA:0,(anonymous_1)
DA:6,0
DA:8,0
DA:12,0
DA:18,0
LF:4
LH:0
BRF:0
BRH:0
end_of_record
TN:
SF:/Users/mille424/rpt15-FEC/Ryan-comments/client/src/components/SimpleTooltip.jsx
FN:5,(anonymous_0)
FN:9,(anonymous_1)
FNF:2
FNH:0
FNDA:0,(anonymous_0)
FNDA:0,(anonymous_1)
DA:6,0
DA:10,0
DA:14,0
LF:3
LH:0
BRDA:11,0,0,0
BRDA:11,0,1,0
BRDA:12,1,0,0
BRDA:12,1,1,0
BRF:4
BRH:0
end_of_record
TN:
SF:/Users/mille424/rpt15-FEC/Ryan-comments/database/db.js
FN:6,(anonymous_0)
FN:7,(anonymous_1)
FN:20,(anonymous_2)
FN:24,(anonymous_3)
FN:28,(anonymous_4)
FNF:5
FNH:2
FNDA:0,(anonymous_0)
FNDA:0,(anonymous_1)
FNDA:0,(anonymous_2)
FNDA:3,(anonymous_3)
FNDA:3,(anonymous_4)
DA:1,2
DA:2,2
DA:4,2
DA:5,2
DA:6,2
DA:7,2
DA:9,2
DA:18,2
DA:20,2
DA:21,0
DA:24,2
DA:25,3
DA:29,3
DA:30,0
DA:32,3
DA:37,2
DA:38,2
DA:39,2
DA:40,2
LF:19
LH:17
BRDA:29,0,0,0
BRDA:29,0,1,3
BRF:2
BRH:1
end_of_record
